<?xml version="1.0" encoding="UTF-8"?>
<!-- Generated by org.testng.reporters.JUnitReportReporter -->
<testsuite hostname="Familia_Herrera" failures="0" tests="1" name="com.TestNG.RunPruebaNG" time="26.943" errors="0" timestamp="2024-04-10T08:23:13 COT" skipped="0">
  <testcase classname="com.TestNG.RunPruebaNG" name="TestAlerts" time="26.943"/>
  <system-out/>
</testsuite> <!-- com.TestNG.RunPruebaNG -->
